
--- Available PipeWire Ports (pw-link -iol) ---
Midi-Bridge:Midi Through Port-0 (capture)
Midi-Bridge:Midi Through Port-0 (playback)
bluez_midi.server:out
bluez_midi.server:in
bluez_input.74:DF:3A:3E:2D:2D:capture_MONO
bluez_capture_internal.74:DF:3A:3E:2D:2D:monitor_MONO
bluez_capture_internal.74:DF:3A:3E:2D:2D:input_MONO
bluez_output.74_DF_3A_3E_2D_2D.1:monitor_FL
bluez_output.74_DF_3A_3E_2D_2D.1:monitor_FR
bluez_output.74_DF_3A_3E_2D_2D.1:playback_FL
bluez_output.74_DF_3A_3E_2D_2D.1:playback_FR
bluez_input.98_FE_3E_1F_29_B6.2:output_FL
bluez_input.98_FE_3E_1F_29_B6.2:output_FR

--- End of Ports ---
Attempting to link bluez_input.98_FE_3E_1F_29_B6.2:output_FL -> bluez_output.74_DF_3A_3E_2D_2D.1:playback_FL
Attempting to link bluez_input.98_FE_3E_1F_29_B6.2:output_FR -> bluez_output.74_DF_3A_3E_2D_2D.1:playback_FR
Attempting to unlink bluez_input.98_FE_3E_1F_29_B6.2:output_FL -> bluez_output.74_DF_3A_3E_2D_2D.1:playback_FL
failed to unlink ports: No such file or directory
Attempting to unlink bluez_input.98_FE_3E_1F_29_B6.2:output_FR -> bluez_output.74_DF_3A_3E_2D_2D.1:playback_FR
failed to unlink ports: No such file or directory
